UG to IGES
! INFO-     NX V10.0 / IGES Specification 5.3
! INFO-      
! INFO-     Start of Translation: 18-FEB-2025  7:56:48 AM
! INFO-      
! STATUS-   Converting Part: C:\Users\1\Downloads\Sucker\aaaaaaaa1.prt
! SUMMARY-   
! SUMMARY-  Summary of Unigraphics Input Entities
! SUMMARY-  For Part: C:\Users\1\Downloads\Sucker\aaaaaaaa1.prt 
! SUMMARY-  Entities Processed             Count
! SUMMARY-  ------------------             -----
! SUMMARY-  Point .......................:     1
! SUMMARY-  Line ........................:     4
! SUMMARY-  Part Attribute ..............:     1
! SUMMARY-  Layer Category ..............:     6
! SUMMARY-  Font ........................:     2
! SUMMARY-  Color Table .................:     2
! SUMMARY-  Coordinate System ...........:     2
! SUMMARY-  Parameter ...................:     2
! SUMMARY-  Matrix ......................:     8
! SUMMARY-  View ........................:     8
! SUMMARY-  Layout ......................:     5
! SUMMARY-  Component ...................:    10
! SUMMARY-                                 -----
! SUMMARY-  Total                             51
! SUMMARY-   
! SUMMARY-  Summary of Unigraphics Input Entities
! SUMMARY-  For Part: Wheel_Sucker.prt 
! SUMMARY-  Entities Processed             Count
! SUMMARY-  ------------------             -----
! SUMMARY-  Point .......................:     1
! SUMMARY-  Part Attribute ..............:     1
! SUMMARY-  Layer Category ..............:     6
! SUMMARY-  Font ........................:     2
! SUMMARY-  Color Table .................:     2
! SUMMARY-  Coordinate System ...........:     2
! SUMMARY-  Parameter ...................:     2
! SUMMARY-  Matrix ......................:     8
! SUMMARY-  View ........................:     8
! SUMMARY-  Layout ......................:     5
! SUMMARY-  Component ...................:     5
! SUMMARY-                                 -----
! SUMMARY-  Total                             42
! SUMMARY-   
! SUMMARY-  Summary of Unigraphics Input Entities
! SUMMARY-  For Part: Motor_sucker_Jga25.prt 
! SUMMARY-  Entities Processed             Count
! SUMMARY-  ------------------             -----
! SUMMARY-  Point .......................:     1
! SUMMARY-  Part Attribute ..............:     1
! SUMMARY-  Layer Category ..............:     6
! SUMMARY-  Font ........................:     2
! SUMMARY-  Color Table .................:     2
! SUMMARY-  Coordinate System ...........:     2
! SUMMARY-  Parameter ...................:     2
! SUMMARY-  Matrix ......................:     8
! SUMMARY-  View ........................:     8
! SUMMARY-  Layout ......................:     5
! SUMMARY-  Component ...................:     8
! SUMMARY-                                 -----
! SUMMARY-  Total                             45
! SUMMARY-   
! SUMMARY-  Summary of Unigraphics Input Entities
! SUMMARY-  For Part: Shield_electo.prt 
! SUMMARY-  Entities Processed             Count
! SUMMARY-  ------------------             -----
! SUMMARY-  Point .......................:     1
! SUMMARY-  Part Attribute ..............:     1
! SUMMARY-  Layer Category ..............:     6
! SUMMARY-  Font ........................:     2
! SUMMARY-  Color Table .................:     2
! SUMMARY-  Coordinate System ...........:     2
! SUMMARY-  Parameter ...................:     2
! SUMMARY-  Matrix ......................:     8
! SUMMARY-  View ........................:     8
! SUMMARY-  Layout ......................:     5
! SUMMARY-  Component ...................:     4
! SUMMARY-                                 -----
! SUMMARY-  Total                             41
! SUMMARY-   
! SUMMARY-  Summary of Unigraphics Input Entities
! SUMMARY-  For Part: Pidar.prt 
! SUMMARY-  Entities Processed             Count
! SUMMARY-  ------------------             -----
! SUMMARY-  Point .......................:     5
! SUMMARY-  Line ........................:    51
! SUMMARY-  Arc/Circle ..................:   191
! SUMMARY-  B-Curve .....................:   221
! SUMMARY-  Part Attribute ..............:     1
! SUMMARY-  Layer Category ..............:     6
! SUMMARY-  Font ........................:     2
! SUMMARY-  Color Table .................:     2
! SUMMARY-  Coordinate System ...........:     2
! SUMMARY-  Parameter ...................:     2
! SUMMARY-  Matrix ......................:    79
! SUMMARY-  View ........................:     8
! SUMMARY-  Layout ......................:     5
! SUMMARY-  Reference Set ...............:     1
! SUMMARY-  Solid .......................:
! SUMMARY-     Face .....................:    47
! SUMMARY-  Trim Curve ..................:    55
! SUMMARY-                                 -----
! SUMMARY-  Total                            678
! SUMMARY-   
! SUMMARY-  Summary of Unigraphics Input Entities
! SUMMARY-  For Part: Cumera.prt 
! SUMMARY-  Entities Processed             Count
! SUMMARY-  ------------------             -----
! SUMMARY-  Point .......................:     1
! SUMMARY-  Line ........................:    30
! SUMMARY-  Arc/Circle ..................:     7
! SUMMARY-  B-Curve .....................:    32
! SUMMARY-  Part Attribute ..............:     1
! SUMMARY-  Layer Category ..............:     6
! SUMMARY-  Font ........................:     2
! SUMMARY-  Color Table .................:     2
! SUMMARY-  Coordinate System ...........:     2
! SUMMARY-  Parameter ...................:     2
! SUMMARY-  Matrix ......................:     9
! SUMMARY-  View ........................:     8
! SUMMARY-  Layout ......................:     5
! SUMMARY-  Reference Set ...............:     1
! SUMMARY-  Solid .......................:
! SUMMARY-     Face .....................:     8
! SUMMARY-  Trim Curve ..................:     9
! SUMMARY-                                 -----
! SUMMARY-  Total                            125
! SUMMARY-   
! SUMMARY-  Summary of Unigraphics Input Entities
! SUMMARY-  For Part: Disco.prt 
! SUMMARY-  Entities Processed             Count
! SUMMARY-  ------------------             -----
! SUMMARY-  Point .......................:     1
! SUMMARY-  Part Attribute ..............:     1
! SUMMARY-  Layer Category ..............:     6
! SUMMARY-  Font ........................:     2
! SUMMARY-  Color Table .................:     2
! SUMMARY-  Coordinate System ...........:     2
! SUMMARY-  Parameter ...................:     2
! SUMMARY-  Matrix ......................:     8
! SUMMARY-  View ........................:     8
! SUMMARY-  Layout ......................:     5
! SUMMARY-  Component ...................:     2
! SUMMARY-                                 -----
! SUMMARY-  Total                             39
! SUMMARY-   
! SUMMARY-  Summary of Unigraphics Input Entities
! SUMMARY-  For Part: bassss.prt 
! SUMMARY-  Entities Processed             Count
! SUMMARY-  ------------------             -----
! SUMMARY-  Point .......................:     1
! SUMMARY-  Part Attribute ..............:     1
! SUMMARY-  Layer Category ..............:     6
! SUMMARY-  Font ........................:     2
! SUMMARY-  Color Table .................:     2
! SUMMARY-  Coordinate System ...........:     2
! SUMMARY-  Parameter ...................:     2
! SUMMARY-  Matrix ......................:     8
! SUMMARY-  View ........................:     8
! SUMMARY-  Layout ......................:     5
! SUMMARY-  Component ...................:     8
! SUMMARY-                                 -----
! SUMMARY-  Total                             45
! SUMMARY-   
! SUMMARY-  Summary of Unigraphics Input Entities
! SUMMARY-  For Part: Display.prt 
! SUMMARY-  Entities Processed             Count
! SUMMARY-  ------------------             -----
! SUMMARY-  Point .......................:     1
! SUMMARY-  Line ........................:    28
! SUMMARY-  B-Curve .....................:    24
! SUMMARY-  Part Attribute ..............:     1
! SUMMARY-  Layer Category ..............:     6
! SUMMARY-  Font ........................:     2
! SUMMARY-  Color Table .................:     2
! SUMMARY-  Coordinate System ...........:     2
! SUMMARY-  Parameter ...................:     2
! SUMMARY-  Matrix ......................:     8
! SUMMARY-  View ........................:     8
! SUMMARY-  Layout ......................:     5
! SUMMARY-  Reference Set ...............:     1
! SUMMARY-  Solid .......................:
! SUMMARY-     Face .....................:     6
! SUMMARY-  Trim Curve ..................:     6
! SUMMARY-                                 -----
! SUMMARY-  Total                            102
! SUMMARY-   
! SUMMARY-  Summary of Unigraphics Input Entities
! SUMMARY-  For Part: SPOILER.prt 
! SUMMARY-  Entities Processed             Count
! SUMMARY-  ------------------             -----
! SUMMARY-  Point .......................:     1
! SUMMARY-  Line ........................:   213
! SUMMARY-  Arc/Circle ..................:    72
! SUMMARY-  B-Curve .....................:   246
! SUMMARY-  Part Attribute ..............:     1
! SUMMARY-  Layer Category ..............:     6
! SUMMARY-  Font ........................:     2
! SUMMARY-  Color Table .................:     2
! SUMMARY-  Coordinate System ...........:     2
! SUMMARY-  Parameter ...................:     2
! SUMMARY-  Matrix ......................:    15
! SUMMARY-  View ........................:     8
! SUMMARY-  Layout ......................:     5
! SUMMARY-  Reference Set ...............:     1
! SUMMARY-  Solid .......................:
! SUMMARY-     Face .....................:    45
! SUMMARY-  Trim Curve ..................:    52
! SUMMARY-                                 -----
! SUMMARY-  Total                            673
! SUMMARY-   
! SUMMARY-  Summary of Unigraphics Input Entities
! SUMMARY-  For Part: POWER.prt 
! SUMMARY-  Entities Processed             Count
! SUMMARY-  ------------------             -----
! SUMMARY-  Point .......................:     1
! SUMMARY-  Line ........................:     8
! SUMMARY-  Arc/Circle ..................:    25
! SUMMARY-  B-Curve .....................:    32
! SUMMARY-  Part Attribute ..............:     1
! SUMMARY-  Layer Category ..............:     6
! SUMMARY-  Font ........................:     2
! SUMMARY-  Color Table .................:     2
! SUMMARY-  Coordinate System ...........:     2
! SUMMARY-  Parameter ...................:     2
! SUMMARY-  Matrix ......................:     9
! SUMMARY-  View ........................:     8
! SUMMARY-  Layout ......................:     5
! SUMMARY-  Reference Set ...............:     1
! SUMMARY-  Solid .......................:
! SUMMARY-     Face .....................:    12
! SUMMARY-  Trim Curve ..................:    12
! SUMMARY-                                 -----
! SUMMARY-  Total                            128
! SUMMARY-   
! SUMMARY-  Summary of Unigraphics Input Entities
! SUMMARY-  For Part: 60X45 wheel.prt 
! SUMMARY-  Entities Processed             Count
! SUMMARY-  ------------------             -----
! SUMMARY-  Point .......................:     1
! SUMMARY-  Line ........................:    10
! SUMMARY-  Arc/Circle ..................:    31
! SUMMARY-  B-Curve .....................:    38
! SUMMARY-  Part Attribute ..............:     1
! SUMMARY-  Layer Category ..............:     6
! SUMMARY-  Font ........................:     2
! SUMMARY-  Color Table .................:     2
! SUMMARY-  Coordinate System ...........:     2
! SUMMARY-  Parameter ...................:     2
! SUMMARY-  Matrix ......................:    13
! SUMMARY-  View ........................:     8
! SUMMARY-  Layout ......................:     5
! SUMMARY-  Reference Set ...............:     1
! SUMMARY-  Solid .......................:
! SUMMARY-     Face .....................:     9
! SUMMARY-  Trim Curve ..................:    12
! SUMMARY-                                 -----
! SUMMARY-  Total                            143
! SUMMARY-   
! SUMMARY-  Summary of Unigraphics Input Entities
! SUMMARY-  For Part: 52x32 wheel.prt 
! SUMMARY-  Entities Processed             Count
! SUMMARY-  ------------------             -----
! SUMMARY-  Point .......................:     1
! SUMMARY-  Line ........................:    16
! SUMMARY-  Arc/Circle ..................:    60
! SUMMARY-  B-Curve .....................:    72
! SUMMARY-  Part Attribute ..............:     1
! SUMMARY-  Layer Category ..............:     6
! SUMMARY-  Font ........................:     2
! SUMMARY-  Color Table .................:     2
! SUMMARY-  Coordinate System ...........:     2
! SUMMARY-  Parameter ...................:     2
! SUMMARY-  Matrix ......................:    13
! SUMMARY-  View ........................:     8
! SUMMARY-  Layout ......................:     5
! SUMMARY-  Reference Set ...............:     1
! SUMMARY-  Solid .......................:
! SUMMARY-     Face .....................:    18
! SUMMARY-  Trim Curve ..................:    26
! SUMMARY-                                 -----
! SUMMARY-  Total                            235
! SUMMARY-   
! SUMMARY-  Summary of Unigraphics Input Entities
! SUMMARY-  For Part: mirror_Wheel_Sucker.prt 
! SUMMARY-  Entities Processed             Count
! SUMMARY-  ------------------             -----
! SUMMARY-  Point .......................:     1
! SUMMARY-  Part Attribute ..............:     1
! SUMMARY-  Layer Category ..............:     6
! SUMMARY-  Font ........................:     2
! SUMMARY-  Color Table .................:     2
! SUMMARY-  Coordinate System ...........:     2
! SUMMARY-  Parameter ...................:     2
! SUMMARY-  Matrix ......................:     8
! SUMMARY-  View ........................:     8
! SUMMARY-  Layout ......................:     5
! SUMMARY-  Component ...................:     2
! SUMMARY-                                 -----
! SUMMARY-  Total                             39
! SUMMARY-   
! SUMMARY-  Summary of Unigraphics Input Entities
! SUMMARY-  For Part: Jga25.prt 
! SUMMARY-  Entities Processed             Count
! SUMMARY-  ------------------             -----
! SUMMARY-  Point .......................:     1
! SUMMARY-  Line ........................:    14
! SUMMARY-  Arc/Circle ..................:    12
! SUMMARY-  B-Curve .....................:    18
! SUMMARY-  Part Attribute ..............:     1
! SUMMARY-  Layer Category ..............:     6
! SUMMARY-  Font ........................:     2
! SUMMARY-  Color Table .................:     2
! SUMMARY-  Coordinate System ...........:     2
! SUMMARY-  Parameter ...................:     2
! SUMMARY-  Matrix ......................:    10
! SUMMARY-  View ........................:     8
! SUMMARY-  Layout ......................:     5
! SUMMARY-  Reference Set ...............:     1
! SUMMARY-  Solid .......................:
! SUMMARY-     Face .....................:     7
! SUMMARY-  Trim Curve ..................:     9
! SUMMARY-                                 -----
! SUMMARY-  Total                            100
! SUMMARY-   
! SUMMARY-  Summary of Unigraphics Input Entities
! SUMMARY-  For Part: Pulle 40.prt 
! SUMMARY-  Entities Processed             Count
! SUMMARY-  ------------------             -----
! SUMMARY-  Point .......................:     1
! SUMMARY-  Line ........................:   953
! SUMMARY-  Arc/Circle ..................:   258
! SUMMARY-  B-Curve .....................:  1066
! SUMMARY-  Part Attribute ..............:     1
! SUMMARY-  Layer Category ..............:     6
! SUMMARY-  Font ........................:     2
! SUMMARY-  Color Table .................:     2
! SUMMARY-  Coordinate System ...........:     2
! SUMMARY-  Parameter ...................:     2
! SUMMARY-  Matrix ......................:    12
! SUMMARY-  View ........................:     8
! SUMMARY-  Layout ......................:     5
! SUMMARY-  Reference Set ...............:     1
! SUMMARY-  Solid .......................:
! SUMMARY-     Face .....................:   182
! SUMMARY-  Trim Curve ..................:   194
! SUMMARY-                                 -----
! SUMMARY-  Total                           2695
! SUMMARY-   
! SUMMARY-  Summary of Unigraphics Input Entities
! SUMMARY-  For Part: Gt2 380.prt 
! SUMMARY-  Entities Processed             Count
! SUMMARY-  ------------------             -----
! SUMMARY-  Point .......................:     1
! SUMMARY-  Line ........................:    36
! SUMMARY-  Arc/Circle ..................:    20
! SUMMARY-  B-Curve .....................:    48
! SUMMARY-  Part Attribute ..............:     1
! SUMMARY-  Layer Category ..............:     6
! SUMMARY-  Font ........................:     2
! SUMMARY-  Color Table .................:     2
! SUMMARY-  Coordinate System ...........:     2
! SUMMARY-  Parameter ...................:     2
! SUMMARY-  Matrix ......................:     9
! SUMMARY-  View ........................:     8
! SUMMARY-  Layout ......................:     5
! SUMMARY-  Reference Set ...............:     1
! SUMMARY-  Solid .......................:
! SUMMARY-     Face .....................:    10
! SUMMARY-  Trim Curve ..................:    12
! SUMMARY-                                 -----
! SUMMARY-  Total                            165
! SUMMARY-   
! SUMMARY-  Summary of Unigraphics Input Entities
! SUMMARY-  For Part: Pulle 20.prt 
! SUMMARY-  Entities Processed             Count
! SUMMARY-  ------------------             -----
! SUMMARY-  Point .......................:     1
! SUMMARY-  Line ........................:    24
! SUMMARY-  Arc/Circle ..................:    44
! SUMMARY-  B-Curve .....................:    57
! SUMMARY-  Part Attribute ..............:     1
! SUMMARY-  Layer Category ..............:     6
! SUMMARY-  Font ........................:     2
! SUMMARY-  Color Table .................:     2
! SUMMARY-  Coordinate System ...........:     2
! SUMMARY-  Parameter ...................:     2
! SUMMARY-  Matrix ......................:    11
! SUMMARY-  View ........................:     8
! SUMMARY-  Layout ......................:     5
! SUMMARY-  Reference Set ...............:     1
! SUMMARY-  Solid .......................:
! SUMMARY-     Face .....................:    17
! SUMMARY-  Trim Curve ..................:    24
! SUMMARY-                                 -----
! SUMMARY-  Total                            207
! SUMMARY-   
! SUMMARY-  Summary of Unigraphics Input Entities
! SUMMARY-  For Part: mirror_Motor_sucker_Jga25.prt 
! SUMMARY-  Entities Processed             Count
! SUMMARY-  ------------------             -----
! SUMMARY-  Point .......................:     1
! SUMMARY-  Part Attribute ..............:     1
! SUMMARY-  Layer Category ..............:     6
! SUMMARY-  Font ........................:     2
! SUMMARY-  Color Table .................:     2
! SUMMARY-  Coordinate System ...........:     2
! SUMMARY-  Parameter ...................:     2
! SUMMARY-  Matrix ......................:     8
! SUMMARY-  View ........................:     8
! SUMMARY-  Layout ......................:     5
! SUMMARY-  Component ...................:     4
! SUMMARY-                                 -----
! SUMMARY-  Total                             41
! SUMMARY-   
! SUMMARY-  Summary of Unigraphics Input Entities
! SUMMARY-  For Part: FtylkaBigcock.prt 
! SUMMARY-  Entities Processed             Count
! SUMMARY-  ------------------             -----
! SUMMARY-  Point .......................:     1
! SUMMARY-  Part Attribute ..............:     1
! SUMMARY-  Layer Category ..............:     6
! SUMMARY-  Font ........................:     2
! SUMMARY-  Color Table .................:     2
! SUMMARY-  Coordinate System ...........:     2
! SUMMARY-  Parameter ...................:     2
! SUMMARY-  Matrix ......................:     8
! SUMMARY-  View ........................:     8
! SUMMARY-  Layout ......................:     5
! SUMMARY-                                 -----
! SUMMARY-  Total                             37
! SUMMARY-   
! SUMMARY-  Summary of Unigraphics Input Entities
! SUMMARY-  For Part: Maketplanta_Arduino.prt 
! SUMMARY-  Entities Processed             Count
! SUMMARY-  ------------------             -----
! SUMMARY-  Point .......................:     1
! SUMMARY-  Line ........................:    68
! SUMMARY-  Arc/Circle ..................:    28
! SUMMARY-  B-Curve .....................:    80
! SUMMARY-  Part Attribute ..............:     1
! SUMMARY-  Layer Category ..............:     6
! SUMMARY-  Font ........................:     2
! SUMMARY-  Color Table .................:     2
! SUMMARY-  Coordinate System ...........:     2
! SUMMARY-  Parameter ...................:     2
! SUMMARY-  Matrix ......................:     8
! SUMMARY-  View ........................:     8
! SUMMARY-  Layout ......................:     5
! SUMMARY-  Reference Set ...............:     1
! SUMMARY-  Solid .......................:
! SUMMARY-     Face .....................:    14
! SUMMARY-  Trim Curve ..................:    22
! SUMMARY-                                 -----
! SUMMARY-  Total                            250
! SUMMARY-   
! SUMMARY-  Summary of Unigraphics Input Entities
! SUMMARY-  For Part: СonnectA.prt 
! SUMMARY-  Entities Processed             Count
! SUMMARY-  ------------------             -----
! SUMMARY-  Point .......................:     1
! SUMMARY-  Line ........................:    28
! SUMMARY-  B-Curve .....................:    24
! SUMMARY-  Part Attribute ..............:     1
! SUMMARY-  Layer Category ..............:     6
! SUMMARY-  Font ........................:     2
! SUMMARY-  Color Table .................:     2
! SUMMARY-  Coordinate System ...........:     2
! SUMMARY-  Parameter ...................:     2
! SUMMARY-  Matrix ......................:     8
! SUMMARY-  View ........................:     8
! SUMMARY-  Layout ......................:     5
! SUMMARY-  Reference Set ...............:     1
! SUMMARY-  Solid .......................:
! SUMMARY-     Face .....................:     6
! SUMMARY-  Trim Curve ..................:     6
! SUMMARY-                                 -----
! SUMMARY-  Total                            102
! SUMMARY-   
! SUMMARY-  Summary of Unigraphics Input Entities
! SUMMARY-  For Part: ConnectB.prt 
! SUMMARY-  Entities Processed             Count
! SUMMARY-  ------------------             -----
! SUMMARY-  Point .......................:     2
! SUMMARY-  Line ........................:   193
! SUMMARY-  Arc/Circle ..................:   109
! SUMMARY-  Conic .......................:     8
! SUMMARY-  B-Curve .....................:   229
! SUMMARY-  Part Attribute ..............:     1
! SUMMARY-  Layer Category ..............:     6
! SUMMARY-  Font ........................:     2
! SUMMARY-  Color Table .................:     2
! SUMMARY-  Coordinate System ...........:     2
! SUMMARY-  Parameter ...................:     2
! SUMMARY-  Matrix ......................:    35
! SUMMARY-  View ........................:     8
! SUMMARY-  Layout ......................:     5
! SUMMARY-  Reference Set ...............:     1
! SUMMARY-  Solid .......................:
! SUMMARY-     Face .....................:    47
! SUMMARY-  Trim Curve ..................:    54
! SUMMARY-                                 -----
! SUMMARY-  Total                            706
! SUMMARY-   
! SUMMARY-  Summary of Unigraphics Input Entities
! SUMMARY-  For Part: Malina.prt 
! SUMMARY-  Entities Processed             Count
! SUMMARY-  ------------------             -----
! SUMMARY-  Point .......................:     2
! SUMMARY-  Line ........................:   186
! SUMMARY-  Arc/Circle ..................:    87
! SUMMARY-  B-Curve .....................:   232
! SUMMARY-  Part Attribute ..............:     1
! SUMMARY-  Layer Category ..............:     6
! SUMMARY-  Font ........................:     2
! SUMMARY-  Color Table .................:     2
! SUMMARY-  Coordinate System ...........:     2
! SUMMARY-  Parameter ...................:     2
! SUMMARY-  Matrix ......................:    11
! SUMMARY-  View ........................:     8
! SUMMARY-  Layout ......................:     5
! SUMMARY-  Component ...................:     1
! SUMMARY-  Solid .......................:
! SUMMARY-     Face .....................:    40
! SUMMARY-  Trim Curve ..................:    68
! SUMMARY-                                 -----
! SUMMARY-  Total                            655
! SUMMARY-   
! SUMMARY-  Summary of Unigraphics Input Entities
! SUMMARY-  For Part: Buffer.prt 
! SUMMARY-  Entities Processed             Count
! SUMMARY-  ------------------             -----
! SUMMARY-  Point .......................:     1
! SUMMARY-  Line ........................:     8
! SUMMARY-  Arc/Circle ..................:    24
! SUMMARY-  B-Curve .....................:    30
! SUMMARY-  Part Attribute ..............:     1
! SUMMARY-  Layer Category ..............:     6
! SUMMARY-  Font ........................:     2
! SUMMARY-  Color Table .................:     2
! SUMMARY-  Coordinate System ...........:     2
! SUMMARY-  Parameter ...................:     2
! SUMMARY-  Matrix ......................:     8
! SUMMARY-  View ........................:     8
! SUMMARY-  Layout ......................:     5
! SUMMARY-  Reference Set ...............:     1
! SUMMARY-  Solid .......................:
! SUMMARY-     Face .....................:     8
! SUMMARY-  Trim Curve ..................:    10
! SUMMARY-                                 -----
! SUMMARY-  Total                            118
! SUMMARY-   
! SUMMARY-  Summary of Unigraphics Input Entities
! SUMMARY-  For Part: Plata.prt 
! SUMMARY-  Entities Processed             Count
! SUMMARY-  ------------------             -----
! SUMMARY-  Point .......................:     1
! SUMMARY-  Part Attribute ..............:     1
! SUMMARY-  Layer Category ..............:     6
! SUMMARY-  Font ........................:     2
! SUMMARY-  Color Table .................:     2
! SUMMARY-  Coordinate System ...........:     2
! SUMMARY-  Parameter ...................:     2
! SUMMARY-  Matrix ......................:     8
! SUMMARY-  View ........................:     8
! SUMMARY-  Layout ......................:     5
! SUMMARY-                                 -----
! SUMMARY-  Total                             37
! SUMMARY-   
! SUMMARY-  Summary of Unigraphics Input Entities
! SUMMARY-  For Part: Front_Wheel.prt 
! SUMMARY-  Entities Processed             Count
! SUMMARY-  ------------------             -----
! SUMMARY-  Point .......................:     3
! SUMMARY-  Line ........................:   215
! SUMMARY-  Arc/Circle ..................:   241
! SUMMARY-  Conic .......................:     4
! SUMMARY-  B-Curve .....................:   526
! SUMMARY-  Part Attribute ..............:     1
! SUMMARY-  Layer Category ..............:     6
! SUMMARY-  Font ........................:     2
! SUMMARY-  Color Table .................:     2
! SUMMARY-  Coordinate System ...........:     2
! SUMMARY-  Parameter ...................:     2
! SUMMARY-  Matrix ......................:    39
! SUMMARY-  View ........................:     8
! SUMMARY-  Layout ......................:     5
! SUMMARY-  Reference Set ...............:     1
! SUMMARY-  Solid .......................:
! SUMMARY-     Face .....................:    89
! SUMMARY-  Trim Curve ..................:    96
! SUMMARY-                                 -----
! SUMMARY-  Total                           1242
! SUMMARY-   
! SUMMARY-  Summary of Unigraphics Input Entities
! SUMMARY-  For Part: Back.prt 
! SUMMARY-  Entities Processed             Count
! SUMMARY-  ------------------             -----
! SUMMARY-  Point .......................:     9
! SUMMARY-  Line ........................:   857
! SUMMARY-  Arc/Circle ..................:  1023
! SUMMARY-  Conic .......................:    92
! SUMMARY-  B-Curve .....................:  2768
! SUMMARY-  Part Attribute ..............:     1
! SUMMARY-  Layer Category ..............:     6
! SUMMARY-  Font ........................:     2
! SUMMARY-  Color Table .................:     2
! SUMMARY-  Coordinate System ...........:     3
! SUMMARY-  Parameter ...................:     2
! SUMMARY-  Matrix ......................:   275
! SUMMARY-  View ........................:     8
! SUMMARY-  Layout ......................:     5
! SUMMARY-  Component ...................:     1
! SUMMARY-  Solid .......................:
! SUMMARY-     Face .....................:   433
! SUMMARY-  Trim Curve ..................:   504
! SUMMARY-                                 -----
! SUMMARY-  Total                           5991
! SUMMARY-   
! SUMMARY-  Summary of Unigraphics Input Entities
! SUMMARY-  For Part: BEAD.prt 
! SUMMARY-  Entities Processed             Count
! SUMMARY-  ------------------             -----
! SUMMARY-  Point .......................:     1
! SUMMARY-  Line ........................:    93
! SUMMARY-  Arc/Circle ..................:   191
! SUMMARY-  B-Curve .....................:   383
! SUMMARY-  Part Attribute ..............:     1
! SUMMARY-  Layer Category ..............:     6
! SUMMARY-  Font ........................:     2
! SUMMARY-  Color Table .................:     2
! SUMMARY-  Coordinate System ...........:     2
! SUMMARY-  Parameter ...................:     2
! SUMMARY-  Matrix ......................:    34
! SUMMARY-  View ........................:     8
! SUMMARY-  Layout ......................:     5
! SUMMARY-  Reference Set ...............:     1
! SUMMARY-  Solid .......................:
! SUMMARY-     Face .....................:    54
! SUMMARY-  Trim Curve ..................:    76
! SUMMARY-                                 -----
! SUMMARY-  Total                            861
! SUMMARY-   
! SUMMARY-  Summary of Unigraphics Input Entities
! SUMMARY-  For Part: Gerch.prt 
! SUMMARY-  Entities Processed             Count
! SUMMARY-  ------------------             -----
! SUMMARY-  Point .......................:     3
! SUMMARY-  Line ........................:   621
! SUMMARY-  Arc/Circle ..................:   303
! SUMMARY-  B-Curve .....................:  1266
! SUMMARY-  Part Attribute ..............:     1
! SUMMARY-  Layer Category ..............:     6
! SUMMARY-  Font ........................:     2
! SUMMARY-  Color Table .................:     2
! SUMMARY-  Coordinate System ...........:     2
! SUMMARY-  Parameter ...................:     2
! SUMMARY-  Matrix ......................:    12
! SUMMARY-  View ........................:     8
! SUMMARY-  Layout ......................:     5
! SUMMARY-  Reference Set ...............:     1
! SUMMARY-  Solid .......................:
! SUMMARY-     Face .....................:   170
! SUMMARY-  Trim Curve ..................:   235
! SUMMARY-                                 -----
! SUMMARY-  Total                           2639
! SUMMARY-   
! SUMMARY-  Summary of Unigraphics Input Entities
! SUMMARY-  For Part: Cabel_for_Pidor.prt 
! SUMMARY-  Entities Processed             Count
! SUMMARY-  ------------------             -----
! SUMMARY-  Point .......................:     1
! SUMMARY-  Part Attribute ..............:     1
! SUMMARY-  Layer Category ..............:     6
! SUMMARY-  Font ........................:     2
! SUMMARY-  Color Table .................:     2
! SUMMARY-  Coordinate System ...........:     2
! SUMMARY-  Parameter ...................:     2
! SUMMARY-  Matrix ......................:     8
! SUMMARY-  View ........................:     8
! SUMMARY-  Layout ......................:     5
! SUMMARY-                                 -----
! SUMMARY-  Total                             37
! SUMMARY-   
! SUMMARY-  Summary of Unigraphics Input Entities
! SUMMARY-  For Part: mirror_Front_Wheel.prt 
! SUMMARY-  Entities Processed             Count
! SUMMARY-  ------------------             -----
! SUMMARY-  Point .......................:     3
! SUMMARY-  Line ........................:   206
! SUMMARY-  Arc/Circle ..................:   241
! SUMMARY-  Conic .......................:     4
! SUMMARY-  B-Curve .....................:   526
! SUMMARY-  Part Attribute ..............:     1
! SUMMARY-  Layer Category ..............:     6
! SUMMARY-  Font ........................:     2
! SUMMARY-  Color Table .................:     2
! SUMMARY-  Coordinate System ...........:     2
! SUMMARY-  Parameter ...................:     2
! SUMMARY-  Matrix ......................:    41
! SUMMARY-  View ........................:     8
! SUMMARY-  Layout ......................:     5
! SUMMARY-  Reference Set ...............:     1
! SUMMARY-  Solid .......................:
! SUMMARY-     Face .....................:    89
! SUMMARY-  Trim Curve ..................:    96
! SUMMARY-                                 -----
! SUMMARY-  Total                           1235
! SUMMARY-   
! SUMMARY-  Summary of Unigraphics Input Entities
! SUMMARY-  For Part: Electro-Kreslo.prt 
! SUMMARY-  Entities Processed             Count
! SUMMARY-  ------------------             -----
! SUMMARY-  Point .......................:     1
! SUMMARY-  Line ........................:    68
! SUMMARY-  Arc/Circle ..................:    32
! SUMMARY-  B-Curve .....................:    56
! SUMMARY-  Part Attribute ..............:     1
! SUMMARY-  Layer Category ..............:     6
! SUMMARY-  Font ........................:     2
! SUMMARY-  Color Table .................:     2
! SUMMARY-  Coordinate System ...........:     2
! SUMMARY-  Parameter ...................:     2
! SUMMARY-  Matrix ......................:    13
! SUMMARY-  View ........................:     8
! SUMMARY-  Layout ......................:     5
! SUMMARY-  Reference Set ...............:     1
! SUMMARY-  Solid .......................:
! SUMMARY-     Face .....................:    12
! SUMMARY-  Trim Curve ..................:    13
! SUMMARY-                                 -----
! SUMMARY-  Total                            224
! SUMMARY-   
! SUMMARY-  Summary of Unigraphics Input Entities
! SUMMARY-  For Part: Shield_Malina.prt 
! SUMMARY-  Entities Processed             Count
! SUMMARY-  ------------------             -----
! SUMMARY-  Point .......................:     2
! SUMMARY-  Line ........................:   198
! SUMMARY-  Arc/Circle ..................:   133
! SUMMARY-  Conic .......................:     4
! SUMMARY-  B-Curve .....................:   350
! SUMMARY-  Part Attribute ..............:     1
! SUMMARY-  Layer Category ..............:     6
! SUMMARY-  Font ........................:     2
! SUMMARY-  Color Table .................:     2
! SUMMARY-  Coordinate System ...........:     2
! SUMMARY-  Parameter ...................:     2
! SUMMARY-  Matrix ......................:    27
! SUMMARY-  View ........................:     8
! SUMMARY-  Layout ......................:     5
! SUMMARY-  Reference Set ...............:     1
! SUMMARY-  Solid .......................:
! SUMMARY-     Face .....................:    58
! SUMMARY-  Trim Curve ..................:    84
! SUMMARY-                                 -----
! SUMMARY-  Total                            885
! SUMMARY-   
! SUMMARY-  Summary of Unigraphics Input Entities
! SUMMARY-  For Part: MotorBack.prt 
! SUMMARY-  Entities Processed             Count
! SUMMARY-  ------------------             -----
! SUMMARY-  Point .......................:     5
! SUMMARY-  Line ........................:   304
! SUMMARY-  Arc/Circle ..................:   215
! SUMMARY-  Conic .......................:    29
! SUMMARY-  B-Curve .....................:   655
! SUMMARY-  Part Attribute ..............:     1
! SUMMARY-  Layer Category ..............:     6
! SUMMARY-  Font ........................:     2
! SUMMARY-  Color Table .................:     2
! SUMMARY-  Coordinate System ...........:     3
! SUMMARY-  Parameter ...................:     2
! SUMMARY-  Matrix ......................:    29
! SUMMARY-  View ........................:     8
! SUMMARY-  Layout ......................:     5
! SUMMARY-  Reference Set ...............:     1
! SUMMARY-  Solid .......................:
! SUMMARY-     Face .....................:    92
! SUMMARY-  Trim Curve ..................:   114
! SUMMARY-                                 -----
! SUMMARY-  Total                           1473
! STATUS-    
! STATUS-   Converting to Output Form (Phase 2 of 3): 18-FEB-2025 7:56:53 AM
! STATUS-    
! STATUS-   Creating the IGES file (Phase 3 of 3): 18-FEB-2025  7:56:53 AM
! SUMMARY-   
! SUMMARY-  Summary of IGES Output Entities
! SUMMARY-   
! SUMMARY-  Entities Processed             Count
! SUMMARY-  ------------------             -----
! SUMMARY-  Point ........................    60
! SUMMARY-  Arc ..........................  3347
! SUMMARY-  Line .........................  3068
! SUMMARY-  Conic ........................   141
! SUMMARY-  BSpline Curve ................  7355
! SUMMARY-  Composite Curve ..............  2184
! SUMMARY-  Curve on Surface .............  1416
! SUMMARY-  Plane ........................
! SUMMARY-      Unbounded ................    32
! SUMMARY-  Trimmed Surface ..............  1102
! SUMMARY-  BSpline Surface ..............  1475
! SUMMARY-  Color ........................    15
! SUMMARY-  Name .........................  1385
! SUMMARY-  Transformation ...............   501
! SUMMARY-  Definition Levels ............     5
! SUMMARY-  Level Function ...............     5
! SUMMARY-  Instance .....................    45
! SUMMARY-  Subfigure Definition .........    34
! SUMMARY-  View .........................     8
! SUMMARY-                                 -----
! SUMMARY-  Total                          22178
! INFO-      
! INFO-     End of Translation: 18-FEB-2025  7:56:56 AM
! INFO-      
